0 info it worked if it ends with ok
1 verbose cli [ '/Applications/Atom.app/Contents/Resources/app/apm/bin/node',
1 verbose cli   '/Applications/Atom.app/Contents/Resources/app/apm/node_modules/npm/bin/npm-cli.js',
1 verbose cli   'version',
1 verbose cli   'major',
1 verbose cli   '-m',
1 verbose cli   'Prepare %s release' ]
2 info using npm@3.10.10
3 info using node@v6.9.5
4 info git [ 'status', '--porcelain' ]
5 info lifecycle nv-dark-ui@1.0.0~preversion: nv-dark-ui@1.0.0
6 silly lifecycle nv-dark-ui@1.0.0~preversion: no script for preversion, continuing
7 verbose version.write data { name: 'nv-dark-ui',
7 verbose version.write   theme: 'ui',
7 verbose version.write   version: '1.0.0',
7 verbose version.write   description: 'Dark, minimalist UI theme, matches with nv-dark-syntax',
7 verbose version.write   keywords: [ 'dark', 'consistent', 'ui' ],
7 verbose version.write   license: 'MIT',
7 verbose version.write   repository: 'https://github.com/NicklasVraa/one-dark-ui',
7 verbose version.write   main: 'lib/main',
7 verbose version.write   engines: { atom: '>0.40.0' },
7 verbose version.write   devDependencies: { coffeelint: '^1.9.7' },
7 verbose version.write   configSchema:
7 verbose version.write    { fontSize:
7 verbose version.write       { title: 'Font Size',
7 verbose version.write         description: 'Change the font size for the UI.',
7 verbose version.write         type: 'integer',
7 verbose version.write         default: 12,
7 verbose version.write         enum: [Object],
7 verbose version.write         order: 1 },
7 verbose version.write      tabSizing:
7 verbose version.write       { title: 'Tab Sizing',
7 verbose version.write         description: 'In Even mode all tabs will be the same size. Great for quickly closing many tabs. In Maximum mode the tabs will expand to take up the full width. In Minimum mode the tabs will only take as little space as needed and also show longer file names.',
7 verbose version.write         type: 'string',
7 verbose version.write         default: 'Even',
7 verbose version.write         enum: [Object],
7 verbose version.write         order: 2 },
7 verbose version.write      tabCloseButton:
7 verbose version.write       { title: 'Tab Close Button',
7 verbose version.write         description: 'Choose the position of the close button shown in tabs.',
7 verbose version.write         type: 'string',
7 verbose version.write         default: 'Right',
7 verbose version.write         enum: [Object],
7 verbose version.write         order: 3 },
7 verbose version.write      hideDockButtons:
7 verbose version.write       { title: 'Hide dock toggle buttons',
7 verbose version.write         description: 'Note: When hiding the toggle buttons, opening a dock needs to be done by using the keyboard or other alternatives.',
7 verbose version.write         type: 'boolean',
7 verbose version.write         default: 'false',
7 verbose version.write         order: 4 },
7 verbose version.write      stickyHeaders:
7 verbose version.write       { title: 'Make tree-view project headers sticky',
7 verbose version.write         type: 'boolean',
7 verbose version.write         default: 'false',
7 verbose version.write         order: 5 } } } to package.json
8 info lifecycle nv-dark-ui@1.0.0~version: nv-dark-ui@1.0.0
9 silly lifecycle nv-dark-ui@1.0.0~version: no script for version, continuing
10 info git [ 'add',
10 info git   '/Users/nicklasvraa/Documents/GitHub/nv-dark-ui/package.json' ]
11 info git [ 'commit', '-m', 'Prepare 1.0.0 release' ]
12 info git [ 'tag', 'v1.0.0', '-am', 'Prepare 1.0.0 release' ]
13 verbose stack Error: Command failed: git tag v1.0.0 -am Prepare 1.0.0 release
13 verbose stack fatal: tag 'v1.0.0' already exists
13 verbose stack
13 verbose stack     at ChildProcess.exithandler (child_process.js:206:12)
13 verbose stack     at emitTwo (events.js:106:13)
13 verbose stack     at ChildProcess.emit (events.js:191:7)
13 verbose stack     at maybeClose (internal/child_process.js:877:16)
13 verbose stack     at Socket.<anonymous> (internal/child_process.js:334:11)
13 verbose stack     at emitOne (events.js:96:13)
13 verbose stack     at Socket.emit (events.js:188:7)
13 verbose stack     at Pipe._handle.close [as _onclose] (net.js:498:12)
14 verbose cwd /Users/nicklasvraa/Documents/GitHub/nv-dark-ui
15 error Darwin 17.5.0
16 error argv "/Applications/Atom.app/Contents/Resources/app/apm/bin/node" "/Applications/Atom.app/Contents/Resources/app/apm/node_modules/npm/bin/npm-cli.js" "version" "major" "-m" "Prepare %s release"
17 error node v6.9.5
18 error npm  v3.10.10
19 error code 128
20 error Command failed: git tag v1.0.0 -am Prepare 1.0.0 release
20 error fatal: tag 'v1.0.0' already exists
21 error If you need help, you may report this error at:
21 error     <https://github.com/npm/npm/issues>
22 verbose exit [ 1, true ]
